<?xml version="1.0" encoding="UTF-8" ?>
<testsuite tests="1" failures="0" name="com.umi.screen.WorldScreenTest" time="0.028" errors="0" skipped="0">
  <properties>
    <property name="java.runtime.name" value="OpenJDK Runtime Environment"/>
    <property name="java.vm.version" value="11.0.5+10-b520.38"/>
    <property name="sun.boot.library.path" value="D:\IDEA\IntelliJ IDEA 2019.3.3\jbr\bin"/>
    <property name="maven.multiModuleProjectDirectory" value="D:\.Learning\21年第五学期\Java高级程序设计\Game\Server"/>
    <property name="java.vm.vendor" value="JetBrains s.r.o"/>
    <property name="java.vendor.url" value="https://www.jetbrains.com/"/>
    <property name="guice.disable.misplaced.annotation.check" value="true"/>
    <property name="path.separator" value=";"/>
    <property name="java.vm.name" value="OpenJDK 64-Bit Server VM"/>
    <property name="sun.os.patch.level" value=""/>
    <property name="user.script" value=""/>
    <property name="user.country" value="CN"/>
    <property name="sun.java.launcher" value="SUN_STANDARD"/>
    <property name="java.vm.specification.name" value="Java Virtual Machine Specification"/>
    <property name="user.dir" value="D:\.Learning\21年第五学期\Java高级程序设计\Game\Server"/>
    <property name="java.vm.compressedOopsMode" value="32-bit"/>
    <property name="java.runtime.version" value="11.0.5+10-b520.38"/>
    <property name="java.awt.graphicsenv" value="sun.awt.Win32GraphicsEnvironment"/>
    <property name="os.arch" value="amd64"/>
    <property name="java.io.tmpdir" value="C:\Users\86131\AppData\Local\Temp\"/>
    <property name="line.separator" value="
"/>
    <property name="java.vm.specification.vendor" value="Oracle Corporation"/>
    <property name="user.variant" value=""/>
    <property name="os.name" value="Windows 10"/>
    <property name="maven.ext.class.path" value="D:\IDEA\IntelliJ IDEA 2019.3.3\plugins\maven\lib\maven-event-listener.jar"/>
    <property name="classworlds.conf" value="D:\Application\Maven\apache-maven-3.6.3\bin\m2.conf"/>
    <property name="sun.jnu.encoding" value="GBK"/>
    <property name="java.library.path" value="D:\IDEA\IntelliJ IDEA 2019.3.3\jbr\bin;C:\WINDOWS\Sun\Java\bin;C:\WINDOWS\system32;C:\WINDOWS;D:\VMware Workstation\bin\;D:\IDEA\JDK11\bin;D:\Application\Maven\apache-maven-3.6.3\bin;C:\Program Files (x86)\Common Files\Intel\Shared Libraries\redist\intel64\compiler;C:\Windows\system32;C:\Windows;C:\Windows\System32\Wbem;C:\Windows\System32\WindowsPowerShell\v1.0\;C:\Windows\System32\OpenSSH\;C:\Program Files (x86)\Intel\Intel(R) Management Engine Components\DAL;C:\Program Files\Intel\Intel(R) Management Engine Components\DAL;C:\Program Files (x86)\NVIDIA Corporation\PhysX\Common;C:\Program Files\NVIDIA Corporation\NVIDIA NvDLISR;C:\Program Files\Intel\WiFi\bin\;C:\Program Files\Common Files\Intel\WirelessCommon\;C:\WINDOWS\system32;C:\WINDOWS;C:\WINDOWS\System32\Wbem;C:\WINDOWS\System32\WindowsPowerShell\v1.0\;C:\WINDOWS\System32\OpenSSH\;C:\Program Files (x86)\IVI Foundation\VISA\WinNT\Bin\;C:\Program Files\IVI Foundation\VISA\Win64\Bin\;C:\Program Files (x86)\IVI Foundation\VISA\WinNT\Bin;c:\Program Files (x86)\Microsoft SQL Server\100\Tools\Binn\;c:\Program Files\Microsoft SQL Server\100\Tools\Binn\;c:\Program Files\Microsoft SQL Server\100\DTS\Binn\;C:\Program Files (x86)\MySQL\MySQL Server 5.5\bin;C:\Program Files (x86)\Common Files\Oracle\Java\javapath;D:\Git\Git\cmd;D:\Anaconda\Anaconda;D:\Anaconda\Anaconda\Library\mingw-w64\bin;D:\Anaconda\Anaconda\Library\usr\bin;D:\Anaconda\Anaconda\Library\bin;D:\Anaconda\Anaconda\Scripts;D:\IDEA\JDK11\bin;C:\Users\86131\AppData\Local\Microsoft\WindowsApps;D:\IDEA\IntelliJ IDEA 2019.3.3\bin;;D:\VS Code\Microsoft VS Code\code;D:\Application\MinGW\bin;D:\VS Code\Microsoft VS Code\bin;C:\ProgramData\86131\GitHubDesktop\bin;;."/>
    <property name="maven.conf" value="D:\Application\Maven\apache-maven-3.6.3/conf"/>
    <property name="jdk.debug" value="release"/>
    <property name="java.class.version" value="55.0"/>
    <property name="java.specification.name" value="Java Platform API Specification"/>
    <property name="sun.management.compiler" value="HotSpot 64-Bit Tiered Compilers"/>
    <property name="maven.repo.local" value="D:\Application\Maven\repository"/>
    <property name="idea.version2019.3.3" value="true"/>
    <property name="os.version" value="10.0"/>
    <property name="user.home" value="C:\Users\86131"/>
    <property name="user.timezone" value="Asia/Shanghai"/>
    <property name="java.awt.printerjob" value="sun.awt.windows.WPrinterJob"/>
    <property name="file.encoding" value="UTF-8"/>
    <property name="java.specification.version" value="11"/>
    <property name="user.name" value="86131"/>
    <property name="java.class.path" value="D:\Application\Maven\apache-maven-3.6.3\boot\plexus-classworlds-2.6.0.jar;D:\Application\Maven\apache-maven-3.6.3\boot\plexus-classworlds.license"/>
    <property name="java.vm.specification.version" value="11"/>
    <property name="sun.arch.data.model" value="64"/>
    <property name="sun.java.command" value="org.codehaus.classworlds.Launcher -Didea.version2019.3.3 -s D:\Application\Maven\apache-maven-3.6.3\conf\settings.xml -Dmaven.repo.local=D:\Application\Maven\repository test"/>
    <property name="java.home" value="D:\IDEA\IntelliJ IDEA 2019.3.3\jbr"/>
    <property name="user.language" value="zh"/>
    <property name="java.specification.vendor" value="Oracle Corporation"/>
    <property name="awt.toolkit" value="sun.awt.windows.WToolkit"/>
    <property name="java.vm.info" value="mixed mode, sharing"/>
    <property name="java.version" value="11.0.5"/>
    <property name="java.vendor" value="JetBrains s.r.o"/>
    <property name="maven.home" value="D:\Application\Maven\apache-maven-3.6.3"/>
    <property name="file.separator" value="\"/>
    <property name="java.version.date" value="2019-10-15"/>
    <property name="java.vendor.url.bug" value="https://youtrack.jetbrains.com"/>
    <property name="sun.io.unicode.encoding" value="UnicodeLittle"/>
    <property name="sun.cpu.endian" value="little"/>
    <property name="sun.desktop" value="windows"/>
    <property name="sun.cpu.isalist" value="amd64"/>
  </properties>
  <testcase classname="com.umi.screen.WorldScreenTest" name="test" time="0.028"/>
</testsuite>